<?xml version="1.0" encoding="utf-8"?><testsuites name="pytest tests"><testsuite name="pytest" errors="0" failures="1" skipped="0" tests="9" time="24.533" timestamp="2026-07-31T06:56:41.338634+00:00" hostname="agent-env-6331c3bc-4180-4991-964c-007f7e4c5868"><testcase classname="tests.test_portfolio_api" name="test_root" time="0.197" /><testcase classname="tests.test_portfolio_api" name="test_contact_valid" time="0.473"><failure message="assert 502 == 200&#10; +  where 502 = &lt;Response [502]&gt;.status_code">backend/tests/test_portfolio_api.py:30: in test_contact_valid
    assert r.status_code == 200
E   assert 502 == 200
E    +  where 502 = &lt;Response [502]&gt;.status_code</failure></testcase><testcase classname="tests.test_portfolio_api" name="test_playground_streams" time="2.726" /><testcase classname="tests.test_portfolio_api" name="test_tts_english" time="0.141" /><testcase classname="tests.test_portfolio_api" name="test_tts_hindi_translated" time="6.807" /><testcase classname="tests.test_portfolio_api" name="test_tts_tamil" time="5.593" /><testcase classname="tests.test_portfolio_api" name="test_tts_hinglish" time="5.322" /><testcase classname="tests.test_portfolio_api" name="test_tts_cache" time="2.637" /><testcase classname="tests.test_portfolio_api" name="test_tts_empty_text_422" time="0.042" /></testsuite></testsuites>